<?xml version="1.0" encoding="UTF-8"?>
<!-- Generated by org.testng.reporters.JUnitReportReporter -->
<testsuite hostname="LAPTOP-PJ9EK6RF" name="test.Test99GuruLogin" tests="1" failures="0" timestamp="25 Nov 2020 04:58:04 GMT" time="2.038" errors="0">
  <testcase name="test_Home_Page_Appear_Correct" time="2.038" classname="test.Test99GuruLogin"/>
</testsuite> <!-- test.Test99GuruLogin -->
